Current precision = 16
data set 0 
base 0 
haplo 0 result = 1.492500e-03
haplo 1 result = 9.438477e-01
base 1 
haplo 0 result = 6.586313e-05
haplo 1 result = 2.211332e-05
base 2 
haplo 0 result = 3.796387e-01
haplo 1 result = 1.520157e-03
base 3 
haplo 0 result = 9.479523e-04
haplo 1 result = 9.487305e-01
base 4 
haplo 0 result = 9.536743e-04
haplo 1 result = 9.545898e-01
base 5 
haplo 0 result = 7.648468e-04
haplo 1 result = 9.575195e-01
base 6 
haplo 0 result = 5.341797e-01
haplo 1 result = 1.795654e-01
base 7 
haplo 0 result = 3.816605e-03
haplo 1 result = 3.784180e-01
base 8 
haplo 0 result = 9.584961e-01
haplo 1 result = 1.212120e-03
base 9 
haplo 0 result = 0.000000e+00
haplo 1 result = 0.000000e+00
base 10 
haplo 0 result = 0.000000e+00
haplo 1 result = 0.000000e+00
base 11 
haplo 0 result = 0.000000e+00
haplo 1 result = 0.000000e+00
base 12 
haplo 0 result = 9.433594e-01
haplo 1 result = 1.194000e-03
base 13 
haplo 0 result = 9.517670e-04
haplo 1 result = 9.511719e-01
base 14 
haplo 0 result = 9.589195e-04
haplo 1 result = 9.575195e-01
base 15 
haplo 0 result = 1.865387e-03
haplo 1 result = 9.326172e-01
base 16 
haplo 0 result = 1.084328e-03
haplo 1 result = 1.370907e-06
base 17 
haplo 0 result = 9.433594e-01
haplo 1 result = 1.183510e-03
base 18 
haplo 0 result = 7.624626e-04
haplo 1 result = 9.565430e-01
base 19 
haplo 0 result = 9.436607e-04
haplo 1 result = 9.458008e-01
base 20 
haplo 0 result = 9.462891e-01
haplo 1 result = 9.441376e-04
base 21 
haplo 0 result = 0.000000e+00
haplo 1 result = 0.000000e+00
base 22 
haplo 0 result = 0.000000e+00
haplo 1 result = 0.000000e+00
base 23 
haplo 0 result = 9.506836e-01
haplo 1 result = 1.504898e-03
base 24 
haplo 0 result = 6.580353e-05
haplo 1 result = 2.205372e-05
base 25 
haplo 0 result = 1.788139e-07
haplo 1 result = 1.446009e-04
base 26 
haplo 0 result = 0.000000e+00
haplo 1 result = 0.000000e+00
base 27 
haplo 0 result = 0.000000e+00
haplo 1 result = 0.000000e+00
base 28 
haplo 0 result = 9.446144e-04
haplo 1 result = 9.482422e-01
base 29 
haplo 0 result = 9.628906e-01
haplo 1 result = 7.696152e-04
base 30 
haplo 0 result = 6.656647e-03
haplo 1 result = 6.596680e-01
base 31 
haplo 0 result = 9.589844e-01
haplo 1 result = 7.610321e-04
base 32 
haplo 0 result = 0.000000e+00
haplo 1 result = 0.000000e+00
base 33 
haplo 0 result = 0.000000e+00
haplo 1 result = 0.000000e+00
base 34 
haplo 0 result = 0.000000e+00
haplo 1 result = 0.000000e+00
base 35 
haplo 0 result = 3.876686e-04
haplo 1 result = 9.731445e-01
base 36 
haplo 0 result = 5.175781e-01
haplo 1 result = 2.071381e-03
base 37 
haplo 0 result = 0.000000e+00
haplo 1 result = 0.000000e+00
base 38 
haplo 0 result = 9.731445e-01
haplo 1 result = 6.117821e-04
base 39 
haplo 0 result = 0.000000e+00
haplo 1 result = 0.000000e+00
base 40 
haplo 0 result = 3.881454e-04
haplo 1 result = 9.746094e-01
base 41 
haplo 0 result = 9.570312e-01
haplo 1 result = 9.589195e-04
base 42 
haplo 0 result = 1.788139e-07
haplo 1 result = 1.717806e-04
base 43 
haplo 0 result = 3.200769e-05
haplo 1 result = 5.960464e-08
base 44 
haplo 0 result = 0.000000e+00
haplo 1 result = 0.000000e+00
base 45 
haplo 0 result = 0.000000e+00
haplo 1 result = 0.000000e+00
base 46 
haplo 0 result = 0.000000e+00
haplo 1 result = 0.000000e+00
base 47 
haplo 0 result = 0.000000e+00
haplo 1 result = 0.000000e+00
base 48 
haplo 0 result = 0.000000e+00
haplo 1 result = 0.000000e+00
base 49 
haplo 0 result = 0.000000e+00
haplo 1 result = 0.000000e+00
base 50 
haplo 0 result = 0.000000e+00
haplo 1 result = 0.000000e+00
base 51 
haplo 0 result = 0.000000e+00
haplo 1 result = 0.000000e+00
base 52 
haplo 0 result = 0.000000e+00
haplo 1 result = 0.000000e+00
data set 1 
base 0 
haplo 0 result = 9.472656e-01
haplo 1 result = 1.194000e-03
base 1 
haplo 0 result = 4.539490e-03
haplo 1 result = 4.595518e-05
base 2 
haplo 0 result = 6.041527e-04
haplo 1 result = 9.550781e-01
base 3 
haplo 0 result = 6.923828e-01
haplo 1 result = 5.502701e-04
base 4 
haplo 0 result = 0.000000e+00
haplo 1 result = 0.000000e+00
base 5 
haplo 0 result = 6.675720e-03
haplo 1 result = 6.606445e-01
base 6 
haplo 0 result = 0.000000e+00
haplo 1 result = 0.000000e+00
base 7 
haplo 0 result = 0.000000e+00
haplo 1 result = 0.000000e+00
base 8 
haplo 0 result = 9.311523e-01
haplo 1 result = 7.414818e-04
base 9 
haplo 0 result = 6.596680e-01
haplo 1 result = 6.656647e-03
base 10 
haplo 0 result = 9.487305e-01
haplo 1 result = 1.197815e-03
base 11 
haplo 0 result = 9.628906e-01
haplo 1 result = 6.065369e-04
base 12 
haplo 0 result = 7.548332e-04
haplo 1 result = 9.501953e-01
base 13 
haplo 0 result = 4.844666e-04
haplo 1 result = 9.682617e-01
base 14 
haplo 0 result = 1.192093e-06
haplo 1 result = 1.506805e-03
base 15 
haplo 0 result = 2.827644e-04
haplo 1 result = 7.109375e-01
base 16 
haplo 0 result = 7.543564e-04
haplo 1 result = 9.497070e-01
base 17 
haplo 0 result = 6.664276e-03
haplo 1 result = 6.601562e-01
base 18 
haplo 0 result = 9.492188e-01
haplo 1 result = 1.198769e-03
base 19 
haplo 0 result = 2.629757e-04
haplo 1 result = 5.244141e-01
base 20 
haplo 0 result = 4.808903e-04
haplo 1 result = 9.599609e-01
base 21 
haplo 0 result = 5.004883e-01
haplo 1 result = 5.054474e-03
base 22 
haplo 0 result = 3.864765e-04
haplo 1 result = 9.711914e-01
base 23 
haplo 0 result = 1.966953e-05
haplo 1 result = 9.788513e-03
base 24 
haplo 0 result = 1.052856e-02
haplo 1 result = 1.064539e-04
base 25 
haplo 0 result = 1.177788e-03
haplo 1 result = 9.384766e-01
base 26 
haplo 0 result = 9.560585e-04
haplo 1 result = 9.545898e-01
base 27 
haplo 0 result = 9.409180e-01
haplo 1 result = 1.179695e-03
base 28 
haplo 0 result = 9.441376e-04
haplo 1 result = 9.448242e-01
base 29 
haplo 0 result = 5.960464e-07
haplo 1 result = 0.000000e+00
base 30 
haplo 0 result = 3.816605e-03
haplo 1 result = 3.781738e-01
base 31 
haplo 0 result = 9.414062e-01
haplo 1 result = 1.186371e-03
base 32 
haplo 0 result = 0.000000e+00
haplo 1 result = 0.000000e+00
base 33 
haplo 0 result = 0.000000e+00
haplo 1 result = 0.000000e+00
base 34 
haplo 0 result = 4.978027e-01
haplo 1 result = 5.035400e-03
base 35 
haplo 0 result = 7.677078e-04
haplo 1 result = 9.653320e-01
base 36 
haplo 0 result = 9.443359e-01
haplo 1 result = 9.450912e-04
base 37 
haplo 0 result = 9.692383e-01
haplo 1 result = 6.098747e-04
base 38 
haplo 0 result = 6.108284e-04
haplo 1 result = 9.702148e-01
base 39 
haplo 0 result = 9.527206e-04
haplo 1 result = 9.516602e-01
base 40 
haplo 0 result = 7.099609e-01
haplo 1 result = 7.090569e-04
base 41 
haplo 0 result = 6.683350e-03
haplo 1 result = 6.616211e-01
base 42 
haplo 0 result = 0.000000e+00
haplo 1 result = 0.000000e+00
base 43 
haplo 0 result = 9.501953e-01
haplo 1 result = 9.512901e-04
base 44 
haplo 0 result = 9.498596e-04
haplo 1 result = 9.511719e-01
base 45 
haplo 0 result = 1.269531e-01
haplo 1 result = 1.280785e-03
base 46 
haplo 0 result = 0.000000e+00
haplo 1 result = 0.000000e+00
base 47 
haplo 0 result = 0.000000e+00
haplo 1 result = 0.000000e+00
base 48 
haplo 0 result = 0.000000e+00
haplo 1 result = 0.000000e+00
data set 2 
base 0 
haplo 0 result = 6.601562e-01
haplo 1 result = 6.656647e-03
base 1 
haplo 0 result = 9.487305e-01
haplo 1 result = 4.764557e-03
base 2 
haplo 0 result = 9.384766e-01
haplo 1 result = 4.703522e-03
base 3 
haplo 0 result = 6.811523e-01
haplo 1 result = 6.870270e-03
base 4 
haplo 0 result = 4.940796e-02
haplo 1 result = 1.658630e-02
base 5 
haplo 0 result = 9.443359e-01
haplo 1 result = 6.008148e-03
base 6 
haplo 0 result = 0.000000e+00
haplo 1 result = 0.000000e+00
base 7 
haplo 0 result = 9.609375e-01
haplo 1 result = 3.837585e-03
base 8 
haplo 0 result = 0.000000e+00
haplo 1 result = 0.000000e+00
base 9 
haplo 0 result = 9.565430e-01
haplo 1 result = 4.829407e-03
base 10 
haplo 0 result = 9.394531e-01
haplo 1 result = 5.943298e-03
base 11 
haplo 0 result = 9.433594e-01
haplo 1 result = 3.772736e-03
base 12 
haplo 0 result = 9.370117e-01
haplo 1 result = 4.722595e-03
base 13 
haplo 0 result = 6.982422e-01
haplo 1 result = 7.041931e-03
base 14 
haplo 0 result = 9.453125e-01
haplo 1 result = 3.776550e-03
base 15 
haplo 0 result = 0.000000e+00
haplo 1 result = 0.000000e+00
base 16 
haplo 0 result = 0.000000e+00
haplo 1 result = 0.000000e+00
base 17 
haplo 0 result = 5.960464e-08
haplo 1 result = 0.000000e+00
base 18 
haplo 0 result = 9.389648e-01
haplo 1 result = 5.947113e-03
base 19 
haplo 0 result = 9.443359e-01
haplo 1 result = 3.772736e-03
base 20 
haplo 0 result = 6.601562e-01
haplo 1 result = 6.656647e-03
base 21 
haplo 0 result = 9.506836e-01
haplo 1 result = 4.795074e-03
base 22 
haplo 0 result = 9.687500e-01
haplo 1 result = 3.070831e-03
base 23 
haplo 0 result = 0.000000e+00
haplo 1 result = 0.000000e+00
base 24 
haplo 0 result = 3.779297e-01
haplo 1 result = 3.812790e-03
base 25 
haplo 0 result = 9.511719e-01
haplo 1 result = 4.791260e-03
base 26 
haplo 0 result = 9.545898e-01
haplo 1 result = 3.808975e-03
base 27 
haplo 0 result = 6.601562e-01
haplo 1 result = 6.668091e-03
base 28 
haplo 0 result = 2.135010e-01
haplo 1 result = 8.540154e-04
base 29 
haplo 0 result = 8.066406e-01
haplo 1 result = 4.062653e-03
base 30 
haplo 0 result = 9.594727e-01
haplo 1 result = 2.412796e-03
base 31 
haplo 0 result = 9.492188e-01
haplo 1 result = 4.791260e-03
base 32 
haplo 0 result = 9.541016e-01
haplo 1 result = 3.023148e-03
base 33 
haplo 0 result = 9.599609e-01
haplo 1 result = 3.837585e-03
base 34 
haplo 0 result = 9.506836e-01
haplo 1 result = 4.798889e-03
base 35 
haplo 0 result = 4.997559e-01
haplo 1 result = 5.046844e-03
base 36 
haplo 0 result = 6.606445e-01
haplo 1 result = 6.675720e-03
base 37 
haplo 0 result = 9.565430e-01
haplo 1 result = 1.516342e-03
base 38 
haplo 0 result = 9.609375e-01
haplo 1 result = 9.613037e-04
base 39 
haplo 0 result = 9.575195e-01
haplo 1 result = 1.204491e-03
base 40 
haplo 0 result = 9.560547e-01
haplo 1 result = 1.512527e-03
base 41 
haplo 0 result = 9.497070e-01
haplo 1 result = 1.508713e-03
base 42 
haplo 0 result = 9.453125e-01
haplo 1 result = 1.496315e-03
base 43 
haplo 0 result = 9.536133e-01
haplo 1 result = 1.196861e-03
base 44 
haplo 0 result = 8.310547e-01
haplo 1 result = 1.043320e-03
base 45 
haplo 0 result = 6.860352e-01
haplo 1 result = 6.931305e-03
base 46 
haplo 0 result = 6.591797e-01
haplo 1 result = 6.656647e-03
base 47 
haplo 0 result = 9.028320e-01
haplo 1 result = 7.157326e-04
base 48 
haplo 0 result = 9.702148e-01
haplo 1 result = 7.705688e-04
base 49 
haplo 0 result = 6.606445e-01
haplo 1 result = 6.675720e-03
base 50 
haplo 0 result = 6.596680e-01
haplo 1 result = 6.660461e-03
base 51 
haplo 0 result = 9.516602e-01
haplo 1 result = 1.204491e-03
base 52 
haplo 0 result = 9.736328e-01
haplo 1 result = 7.719994e-04
base 53 
haplo 0 result = 0.000000e+00
haplo 1 result = 0.000000e+00
base 54 
haplo 0 result = 9.541016e-01
haplo 1 result = 9.551048e-04
base 55 
haplo 0 result = 6.606445e-01
haplo 1 result = 6.683350e-03
base 56 
haplo 0 result = 5.960464e-08
haplo 1 result = 0.000000e+00
base 57 
haplo 0 result = 0.000000e+00
haplo 1 result = 0.000000e+00
base 58 
haplo 0 result = 0.000000e+00
haplo 1 result = 0.000000e+00
base 59 
haplo 0 result = 0.000000e+00
haplo 1 result = 0.000000e+00
base 60 
haplo 0 result = 0.000000e+00
haplo 1 result = 0.000000e+00
base 61 
haplo 0 result = 0.000000e+00
haplo 1 result = 0.000000e+00
base 62 
haplo 0 result = 0.000000e+00
haplo 1 result = 0.000000e+00
base 63 
haplo 0 result = 0.000000e+00
haplo 1 result = 0.000000e+00
total cycle = 19800 